#
# A fatal error has been detected by the Java Runtime Environment:
#
#  SIGBUS (0xa) at pc=0x000000010a3129df, pid=30474, tid=0x000000000000c303
#
# JRE version: OpenJDK Runtime Environment (8.0_265-b01) (build 1.8.0_265-b01)
# Java VM: OpenJDK 64-Bit Server VM (25.265-b01 mixed mode bsd-amd64 compressed oops)
# Problematic frame:
# C  [libzip.dylib+0x39df]  newEntry+0x5d
#
# Failed to write core dump. Core dumps have been disabled. To enable core dumping, try "ulimit -c unlimited" before starting Java again
#
# If you would like to submit a bug report, please visit:
#   http://bugreport.java.com/bugreport/crash.jsp
# The crash happened outside the Java Virtual Machine in native code.
# See problematic frame for where to report the bug.
#

---------------  T H R E A D  ---------------

Current thread (0x00007faccc876000):  JavaThread "Thread-11" [_thread_in_native, id=49923, stack(0x0000700013128000,0x0000700013228000)]

siginfo: si_signo: 10 (SIGBUS), si_code: 2 (BUS_ADRERR), si_addr: 0x0000000118cc7a5a

Registers:
RAX=0x0000000000000000, RBX=0x0000000000000000, RCX=0x0000000000000000, RDX=0x00007facd2100000
RSP=0x0000700013225870, RBP=0x0000700013225900, RSI=0x0000000000000800, RDI=0x00000000000002d3
R8 =0x0000000000002d27, R9 =0x0000000000002d2b, R10=0x00000000fffff87f, R11=0x00007facd2148ca0
R12=0x00007facd21312e0, R13=0x0000000118cc7a3e, R14=0x00007facd1e888c0, R15=0x00007facce01bfb0
RIP=0x000000010a3129df, EFLAGS=0x0000000000010202, ERR=0x0000000000000004
  TRAPNO=0x000000000000000e

Top of Stack: (sp=0x0000700013225870)
0x0000700013225870:   0000000000000000 0000000000000000
0x0000700013225880:   0000000000000000 0000000000000000
0x0000700013225890:   0000000000000000 0000000000000000
0x00007000132258a0:   00007000132258b0 000000010c9707e9
0x00007000132258b0:   00000000132258e0 000000010c863364
0x00007000132258c0:   000000010cb309f8 00007facce01c0d0
0x00007000132258d0:   00007facce01bfb0 000000009ac6435b
0x00007000132258e0:   00007facd1e71000 00007faccc4ac980
0x00007000132258f0:   00000000000178c0 0000700013225970
0x0000700013225900:   0000700013225950 000000010a3128a1
0x0000700013225910:   000000000000002b 0000000113225970
0x0000700013225920:   00007facce01bfb0 000000000000002b
0x0000700013225930:   0000700013225dc8 00007faccc876250
0x0000700013225940:   0000700013225970 00007facce01bfb0
0x0000700013225950:   0000700013225db0 000000010a311239
0x0000700013225960:   0000000000000000 0000000100000000
0x0000700013225970:   696c63652f67726f 7474656a2f657370
0x0000700013225980:   462f6c6974752f79 6c61436572757475
0x0000700013225990:   6c632e6b6361626c 0000000000737361
0x00007000132259a0:   0000000000000000 0000000000000000
0x00007000132259b0:   0000000000000000 0000000028c8f950
0x00007000132259c0:   0000000000000000 0000000000000000
0x00007000132259d0:   0000000000000000 0000000000000000
0x00007000132259e0:   0000000000000000 0000000000000000
0x00007000132259f0:   0000000000000000 0000000000000000
0x0000700013225a00:   0000000000000000 0000000000000000
0x0000700013225a10:   0000000000000000 0000000000000000
0x0000700013225a20:   0000000000000000 0000000000000000
0x0000700013225a30:   0000000028c8f910 0000000000000000
0x0000700013225a40:   0000000000000000 00000000284e58c8
0x0000700013225a50:   0000000000000000 0000000000000000
0x0000700013225a60:   0000000000000000 0000000000000000 

Instructions: (pc=0x000000010a3129df)
0x000000010a3129bf:   24 28 41 80 7f 30 00 89 5d b4 0f 84 f3 00 00 00
0x000000010a3129cf:   4d 8b 6f 18 4d 03 6e 08 4d 2b 6f 28 4c 89 7d d0
0x000000010a3129df:   41 0f b6 45 1c 45 0f b6 75 1d 49 c1 e6 08 49 09
0x000000010a3129ef:   c6 41 0f b6 45 1e 48 89 45 b8 41 0f b6 45 1f 48 

Register to memory mapping:

RAX=0x0000000000000000 is an unknown value
RBX=0x0000000000000000 is an unknown value
RCX=0x0000000000000000 is an unknown value
RDX=0x00007facd2100000 is an unknown value
RSP=0x0000700013225870 is pointing into the stack for thread: 0x00007faccc876000
RBP=0x0000700013225900 is pointing into the stack for thread: 0x00007faccc876000
RSI=0x0000000000000800 is an unknown value
RDI=0x00000000000002d3 is an unknown value
R8 =0x0000000000002d27 is an unknown value
R9 =0x0000000000002d2b is an unknown value
R10=0x00000000fffff87f is an unknown value
R11=0x00007facd2148ca0 is an unknown value
R12=0x00007facd21312e0 is an unknown value
R13=0x0000000118cc7a3e is an unknown value
R14=0x00007facd1e888c0 is an unknown value
R15=0x00007facce01bfb0 is an unknown value


Stack: [0x0000700013128000,0x0000700013228000],  sp=0x0000700013225870,  free space=1014k
Native frames: (J=compiled Java code, j=interpreted, Vv=VM code, C=native code)
C  [libzip.dylib+0x39df]  newEntry+0x5d
C  [libzip.dylib+0x38a1]  ZIP_GetEntry2+0x101
C  [libzip.dylib+0x2239]  Java_java_util_zip_ZipFile_getEntry+0x94
J 140  java.util.zip.ZipFile.getEntry(J[BZ)J (0 bytes) @ 0x00000001195d4bce [0x00000001195d4b00+0xce]
J 463 C2 sun.misc.URLClassPath$JarLoader.getResource(Ljava/lang/String;Z)Lsun/misc/Resource; (85 bytes) @ 0x00000001196e7d34 [0x00000001196e7720+0x614]
J 2183 C2 java.net.URLClassLoader$1.run()Ljava/lang/Object; (5 bytes) @ 0x0000000119b8b67c [0x0000000119b8b0e0+0x59c]
v  ~StubRoutines::call_stub
V  [libjvm.dylib+0x2c7e0f]  JavaCalls::call_helper(JavaValue*, methodHandle*, JavaCallArguments*, Thread*)+0x691
V  [libjvm.dylib+0x334bc9]  JVM_DoPrivileged+0x66d
J 166  java.security.AccessController.doPrivileged(Ljava/security/PrivilegedExceptionAction;Ljava/security/AccessControlContext;)Ljava/lang/Object; (0 bytes) @ 0x00000001195e5ed5 [0x00000001195e5e00+0xd5]
J 1678 C2 java.net.URLClassLoader.findClass(Ljava/lang/String;)Ljava/lang/Class; (47 bytes) @ 0x00000001199e4f7c [0x00000001199e4ee0+0x9c]
J 1539 C2 java.lang.ClassLoader.loadClass(Ljava/lang/String;Z)Ljava/lang/Class; (122 bytes) @ 0x00000001199ed870 [0x00000001199ecda0+0xad0]
J 203 C1 sun.misc.Launcher$AppClassLoader.loadClass(Ljava/lang/String;Z)Ljava/lang/Class; (85 bytes) @ 0x00000001195fb264 [0x00000001195fa8c0+0x9a4]
J 202 C1 java.lang.ClassLoader.loadClass(Ljava/lang/String;)Ljava/lang/Class; (7 bytes) @ 0x00000001195f9f04 [0x00000001195f9e00+0x104]
v  ~StubRoutines::call_stub
V  [libjvm.dylib+0x2c7e0f]  JavaCalls::call_helper(JavaValue*, methodHandle*, JavaCallArguments*, Thread*)+0x691
V  [libjvm.dylib+0x2c6c5b]  JavaCalls::call_virtual(JavaValue*, KlassHandle, Symbol*, Symbol*, JavaCallArguments*, Thread*)+0x145
V  [libjvm.dylib+0x2c6eba]  JavaCalls::call_virtual(JavaValue*, Handle, KlassHandle, Symbol*, Symbol*, Handle, Thread*)+0x64
V  [libjvm.dylib+0x534541]  SystemDictionary::load_instance_class(Symbol*, Handle, Thread*)+0x2cd
V  [libjvm.dylib+0x533712]  SystemDictionary::resolve_instance_class_or_null(Symbol*, Handle, Handle, Thread*)+0x574
V  [libjvm.dylib+0x532e03]  SystemDictionary::resolve_or_fail(Symbol*, Handle, Handle, bool, Thread*)+0x1b
V  [libjvm.dylib+0x1cb353]  ConstantPool::klass_at_impl(constantPoolHandle, int, Thread*)+0x2b5
V  [libjvm.dylib+0x1cc1e2]  ConstantPool::klass_at(int, Thread*)+0x92
V  [libjvm.dylib+0x2bf97d]  InterpreterRuntime::_new(JavaThread*, ConstantPool*, int)+0x2d
j  org.eclipse.jetty.server.AbstractConnector.shutdown()Ljava/util/concurrent/Future;+0
j  org.eclipse.jetty.server.AbstractNetworkConnector.shutdown()Ljava/util/concurrent/Future;+5
j  org.eclipse.jetty.server.ServerConnector.shutdown()Ljava/util/concurrent/Future;+1
j  org.eclipse.jetty.server.Server.doStop()V+60
j  org.eclipse.jetty.util.component.AbstractLifeCycle.stop()V+30
j  org.eclipse.jetty.util.thread.ShutdownThread.run()V+41
v  ~StubRoutines::call_stub
V  [libjvm.dylib+0x2c7e0f]  JavaCalls::call_helper(JavaValue*, methodHandle*, JavaCallArguments*, Thread*)+0x691
V  [libjvm.dylib+0x2c6c5b]  JavaCalls::call_virtual(JavaValue*, KlassHandle, Symbol*, Symbol*, JavaCallArguments*, Thread*)+0x145
V  [libjvm.dylib+0x2c6e37]  JavaCalls::call_virtual(JavaValue*, Handle, KlassHandle, Symbol*, Symbol*, Thread*)+0x57
V  [libjvm.dylib+0x33e001]  thread_entry(JavaThread*, Thread*)+0x78
V  [libjvm.dylib+0x559256]  JavaThread::thread_main_inner()+0x82
V  [libjvm.dylib+0x55911b]  JavaThread::run()+0x169
V  [libjvm.dylib+0x487e8f]  java_start(Thread*)+0xfa
C  [libsystem_pthread.dylib+0x6109]  _pthread_start+0x94
C  [libsystem_pthread.dylib+0x1b8b]  thread_start+0xf
C  0x0000000000000000

Java frames: (J=compiled Java code, j=interpreted, Vv=VM code)
J 140  java.util.zip.ZipFile.getEntry(J[BZ)J (0 bytes) @ 0x00000001195d4b58 [0x00000001195d4b00+0x58]
J 463 C2 sun.misc.URLClassPath$JarLoader.getResource(Ljava/lang/String;Z)Lsun/misc/Resource; (85 bytes) @ 0x00000001196e7d34 [0x00000001196e7720+0x614]
J 2183 C2 java.net.URLClassLoader$1.run()Ljava/lang/Object; (5 bytes) @ 0x0000000119b8b67c [0x0000000119b8b0e0+0x59c]
v  ~StubRoutines::call_stub
J 166  java.security.AccessController.doPrivileged(Ljava/security/PrivilegedExceptionAction;Ljava/security/AccessControlContext;)Ljava/lang/Object; (0 bytes) @ 0x00000001195e5e63 [0x00000001195e5e00+0x63]
J 1678 C2 java.net.URLClassLoader.findClass(Ljava/lang/String;)Ljava/lang/Class; (47 bytes) @ 0x00000001199e4f7c [0x00000001199e4ee0+0x9c]
J 1539 C2 java.lang.ClassLoader.loadClass(Ljava/lang/String;Z)Ljava/lang/Class; (122 bytes) @ 0x00000001199ed870 [0x00000001199ecda0+0xad0]
J 203 C1 sun.misc.Launcher$AppClassLoader.loadClass(Ljava/lang/String;Z)Ljava/lang/Class; (85 bytes) @ 0x00000001195fb264 [0x00000001195fa8c0+0x9a4]
J 202 C1 java.lang.ClassLoader.loadClass(Ljava/lang/String;)Ljava/lang/Class; (7 bytes) @ 0x00000001195f9f04 [0x00000001195f9e00+0x104]
v  ~StubRoutines::call_stub
j  org.eclipse.jetty.server.AbstractConnector.shutdown()Ljava/util/concurrent/Future;+0
j  org.eclipse.jetty.server.AbstractNetworkConnector.shutdown()Ljava/util/concurrent/Future;+5
j  org.eclipse.jetty.server.ServerConnector.shutdown()Ljava/util/concurrent/Future;+1
j  org.eclipse.jetty.server.Server.doStop()V+60
j  org.eclipse.jetty.util.component.AbstractLifeCycle.stop()V+30
j  org.eclipse.jetty.util.thread.ShutdownThread.run()V+41
v  ~StubRoutines::call_stub

---------------  P R O C E S S  ---------------

Java Threads: ( => current thread )
=>0x00007faccc876000 JavaThread "Thread-11" [_thread_in_native, id=49923, stack(0x0000700013128000,0x0000700013228000)]
  0x00007faccd90a800 JavaThread "SIGINT handler" daemon [_thread_blocked, id=49439, stack(0x0000700012f22000,0x0000700013022000)]
  0x00007faccd908000 JavaThread "dw-99" [_thread_blocked, id=83739, stack(0x00007000121fb000,0x00007000122fb000)]
  0x00007faccd907000 JavaThread "dw-admin-98" [_thread_blocked, id=80163, stack(0x0000700012e1f000,0x0000700012f1f000)]
  0x00007faccca56800 JavaThread "Scheduler-962287291" [_thread_blocked, id=17163, stack(0x0000700012d1c000,0x0000700012e1c000)]
  0x00007faccda6b800 JavaThread "dw-admin-74-acceptor-7@19cf86de-admin@1506f20f{HTTP/1.1}{0.0.0.0:8081}" [_thread_blocked, id=80387, stack(0x0000700012c19000,0x0000700012d19000)]
  0x00007faccda6a800 JavaThread "dw-admin-73-acceptor-6@468b9b07-admin@1506f20f{HTTP/1.1}{0.0.0.0:8081}" [_thread_blocked, id=48131, stack(0x0000700012b16000,0x0000700012c16000)]
  0x00007faccda69800 JavaThread "dw-admin-72-acceptor-5@489a83fa-admin@1506f20f{HTTP/1.1}{0.0.0.0:8081}" [_thread_blocked, id=80643, stack(0x0000700012a13000,0x0000700012b13000)]
  0x00007faccca5d000 JavaThread "dw-admin-71-acceptor-4@1ef7eead-admin@1506f20f{HTTP/1.1}{0.0.0.0:8081}" [_thread_blocked, id=80899, stack(0x0000700012910000,0x0000700012a10000)]
  0x00007facd390c000 JavaThread "dw-admin-70-acceptor-3@5ee66ef8-admin@1506f20f{HTTP/1.1}{0.0.0.0:8081}" [_thread_blocked, id=81411, stack(0x000070001280d000,0x000070001290d000)]
  0x00007facd390a000 JavaThread "dw-admin-69-acceptor-2@4b52093f-admin@1506f20f{HTTP/1.1}{0.0.0.0:8081}" [_thread_blocked, id=81923, stack(0x000070001270a000,0x000070001280a000)]
  0x00007faccca5c800 JavaThread "dw-admin-68-acceptor-1@161d2571-admin@1506f20f{HTTP/1.1}{0.0.0.0:8081}" [_thread_blocked, id=82179, stack(0x0000700012607000,0x0000700012707000)]
  0x00007facd31f6000 JavaThread "dw-admin-67-acceptor-0@53b445d8-admin@1506f20f{HTTP/1.1}{0.0.0.0:8081}" [_thread_in_native, id=82691, stack(0x0000700012504000,0x0000700012604000)]
  0x00007faccd218000 JavaThread "dw-admin-66-selector-ServerConnectorManager@724c4e92/15" [_thread_in_native, id=47107, stack(0x0000700012401000,0x0000700012501000)]
  0x00007facd5810800 JavaThread "dw-admin-65-selector-ServerConnectorManager@724c4e92/14" [_thread_in_native, id=46087, stack(0x0000700011ff5000,0x00007000120f5000)]
  0x00007faccca5b800 JavaThread "dw-admin-64-selector-ServerConnectorManager@724c4e92/13" [_thread_in_native, id=83459, stack(0x00007000122fe000,0x00007000123fe000)]
  0x00007facd7009000 JavaThread "dw-admin-62-selector-ServerConnectorManager@724c4e92/12" [_thread_in_native, id=83971, stack(0x00007000120f8000,0x00007000121f8000)]
  0x00007faccea99000 JavaThread "dw-admin-60-selector-ServerConnectorManager@724c4e92/11" [_thread_in_native, id=45827, stack(0x0000700011ef2000,0x0000700011ff2000)]
  0x00007faccd217000 JavaThread "dw-59" [_thread_blocked, id=45315, stack(0x0000700011def000,0x0000700011eef000)]
  0x00007faccca5a800 JavaThread "dw-admin-58-selector-ServerConnectorManager@724c4e92/10" [_thread_in_native, id=45059, stack(0x0000700011cec000,0x0000700011dec000)]
  0x00007facd7808800 JavaThread "dw-57" [_thread_blocked, id=44547, stack(0x0000700011be9000,0x0000700011ce9000)]
  0x00007facce809000 JavaThread "dw-admin-56-selector-ServerConnectorManager@724c4e92/9" [_thread_in_native, id=84995, stack(0x0000700011ae6000,0x0000700011be6000)]
  0x00007faccf30a800 JavaThread "dw-55" [_thread_blocked, id=85251, stack(0x00007000119e3000,0x0000700011ae3000)]
  0x00007faccd205000 JavaThread "dw-admin-54-selector-ServerConnectorManager@724c4e92/8" [_thread_in_native, id=85763, stack(0x00007000118e0000,0x00007000119e0000)]
  0x00007faccf307000 JavaThread "dw-53" [_thread_blocked, id=44035, stack(0x00007000117dd000,0x00007000118dd000)]
  0x00007facd7008800 JavaThread "dw-admin-52-selector-ServerConnectorManager@724c4e92/7" [_thread_in_native, id=86275, stack(0x00007000116da000,0x00007000117da000)]
  0x00007faccda68800 JavaThread "dw-51" [_thread_blocked, id=86787, stack(0x00007000115d7000,0x00007000116d7000)]
  0x00007facd500a800 JavaThread "dw-admin-50-selector-ServerConnectorManager@724c4e92/6" [_thread_in_native, id=43523, stack(0x00007000114d4000,0x00007000115d4000)]
  0x00007faccda67800 JavaThread "DestroyJavaVM" [_thread_blocked, id=5635, stack(0x000070000d71a000,0x000070000d81a000)]
  0x00007faccca59800 JavaThread "dw-48" [_thread_blocked, id=31747, stack(0x00007000113d1000,0x00007000114d1000)]
  0x00007facd5009800 JavaThread "dw-admin-47-selector-ServerConnectorManager@724c4e92/5" [_thread_in_native, id=31235, stack(0x00007000112ce000,0x00007000113ce000)]
  0x00007faccca59000 JavaThread "dw-46" [_thread_blocked, id=32515, stack(0x00007000111cb000,0x00007000112cb000)]
  0x00007faccca58000 JavaThread "dw-admin-45-selector-ServerConnectorManager@724c4e92/4" [_thread_in_native, id=33027, stack(0x00007000110c8000,0x00007000111c8000)]
  0x00007faccf306800 JavaThread "dw-44" [_thread_blocked, id=33539, stack(0x0000700010fc5000,0x00007000110c5000)]
  0x00007faccda67000 JavaThread "dw-admin-43-selector-ServerConnectorManager@724c4e92/3" [_thread_in_native, id=30723, stack(0x0000700010ec2000,0x0000700010fc2000)]
  0x00007faccca51800 JavaThread "dw-42-selector-ServerConnectorManager@d2fb4ba/15" [_thread_in_native, id=30211, stack(0x0000700010dbf000,0x0000700010ebf000)]
  0x00007faccea8a000 JavaThread "dw-admin-41-selector-ServerConnectorManager@724c4e92/2" [_thread_in_native, id=33795, stack(0x0000700010cbc000,0x0000700010dbc000)]
  0x00007facd2909800 JavaThread "dw-40-selector-ServerConnectorManager@d2fb4ba/14" [_thread_in_native, id=34051, stack(0x0000700010bb9000,0x0000700010cb9000)]
  0x00007facd28fd800 JavaThread "dw-admin-39-selector-ServerConnectorManager@724c4e92/1" [_thread_in_native, id=34563, stack(0x0000700010ab6000,0x0000700010bb6000)]
  0x00007facce841000 JavaThread "dw-38-selector-ServerConnectorManager@d2fb4ba/13" [_thread_in_native, id=35075, stack(0x00007000109b3000,0x0000700010ab3000)]
  0x00007faccf305800 JavaThread "dw-37-selector-ServerConnectorManager@d2fb4ba/12" [_thread_in_native, id=29443, stack(0x00007000108b0000,0x00007000109b0000)]
  0x00007faccca51000 JavaThread "dw-36-selector-ServerConnectorManager@d2fb4ba/11" [_thread_in_native, id=29187, stack(0x00007000107ad000,0x00007000108ad000)]
  0x00007faccca50000 JavaThread "dw-35-selector-ServerConnectorManager@d2fb4ba/10" [_thread_in_native, id=28675, stack(0x00007000106aa000,0x00007000107aa000)]
  0x00007facd680c800 JavaThread "dw-34-selector-ServerConnectorManager@d2fb4ba/9" [_thread_in_native, id=35843, stack(0x00007000105a7000,0x00007000106a7000)]
  0x00007facd3909000 JavaThread "dw-33-selector-ServerConnectorManager@d2fb4ba/8" [_thread_in_native, id=36355, stack(0x00007000104a4000,0x00007000105a4000)]
  0x00007faccc992000 JavaThread "dw-admin-32-selector-ServerConnectorManager@724c4e92/0" [_thread_in_native, id=28167, stack(0x00007000103a1000,0x00007000104a1000)]
  0x00007faccc99f800 JavaThread "dw-29-selector-ServerConnectorManager@d2fb4ba/7" [_thread_in_native, id=27651, stack(0x000070001029e000,0x000070001039e000)]
  0x00007faccf18e000 JavaThread "dw-28-selector-ServerConnectorManager@d2fb4ba/6" [_thread_in_native, id=37123, stack(0x000070001019b000,0x000070001029b000)]
  0x00007faccd0ee800 JavaThread "dw-27-selector-ServerConnectorManager@d2fb4ba/5" [_thread_in_native, id=27395, stack(0x0000700010098000,0x0000700010198000)]
  0x00007faccd0ed800 JavaThread "dw-26-selector-ServerConnectorManager@d2fb4ba/4" [_thread_in_native, id=37891, stack(0x000070000ff95000,0x0000700010095000)]
  0x00007faccca41000 JavaThread "dw-25-selector-ServerConnectorManager@d2fb4ba/3" [_thread_in_native, id=38147, stack(0x000070000fe92000,0x000070000ff92000)]
  0x00007faccca44800 JavaThread "dw-24-selector-ServerConnectorManager@d2fb4ba/2" [_thread_in_native, id=26883, stack(0x000070000fd8f000,0x000070000fe8f000)]
  0x00007faccd1e0000 JavaThread "dw-23-selector-ServerConnectorManager@d2fb4ba/1" [_thread_in_native, id=26627, stack(0x000070000fc8c000,0x000070000fd8c000)]
  0x00007faccd1df000 JavaThread "dw-22-selector-ServerConnectorManager@d2fb4ba/0" [_thread_in_native, id=38915, stack(0x000070000fb89000,0x000070000fc89000)]
  0x00007facce9e5800 JavaThread "AsyncAppender-Worker-async-console-appender" daemon [_thread_blocked, id=26115, stack(0x000070000fa86000,0x000070000fb86000)]
  0x00007facce9ae000 JavaThread "AsyncAppender-Worker-async-console-appender" daemon [_thread_blocked, id=39683, stack(0x000070000f983000,0x000070000fa83000)]
  0x00007faccf065000 JavaThread "Attach Listener" daemon [_thread_blocked, id=25603, stack(0x000070000f880000,0x000070000f980000)]
  0x00007faccf049800 JavaThread "Service Thread" daemon [_thread_blocked, id=24579, stack(0x000070000f67a000,0x000070000f77a000)]
  0x00007faccd026800 JavaThread "C1 CompilerThread11" daemon [_thread_blocked, id=24067, stack(0x000070000f577000,0x000070000f677000)]
  0x00007faccc88d800 JavaThread "C1 CompilerThread10" daemon [_thread_blocked, id=23555, stack(0x000070000f474000,0x000070000f574000)]
  0x00007faccd025800 JavaThread "C1 CompilerThread9" daemon [_thread_blocked, id=23043, stack(0x000070000f371000,0x000070000f471000)]
  0x00007facce831800 JavaThread "C1 CompilerThread8" daemon [_thread_blocked, id=22787, stack(0x000070000f26e000,0x000070000f36e000)]
  0x00007facce809800 JavaThread "C2 CompilerThread7" daemon [_thread_blocked, id=40451, stack(0x000070000f16b000,0x000070000f26b000)]
  0x00007faccd025000 JavaThread "C2 CompilerThread6" daemon [_thread_blocked, id=40963, stack(0x000070000f068000,0x000070000f168000)]
  0x00007facd2811000 JavaThread "C2 CompilerThread5" daemon [_thread_blocked, id=41475, stack(0x000070000ef65000,0x000070000f065000)]
  0x00007facd2810800 JavaThread "C2 CompilerThread4" daemon [_thread_blocked, id=22275, stack(0x000070000ee62000,0x000070000ef62000)]
  0x00007faccd833800 JavaThread "C2 CompilerThread3" daemon [_thread_blocked, id=41987, stack(0x000070000ed5f000,0x000070000ee5f000)]
  0x00007faccd833000 JavaThread "C2 CompilerThread2" daemon [_thread_blocked, id=42243, stack(0x000070000ec5c000,0x000070000ed5c000)]
  0x00007faccf046800 JavaThread "C2 CompilerThread1" daemon [_thread_blocked, id=42755, stack(0x000070000eb59000,0x000070000ec59000)]
  0x00007faccf045000 JavaThread "C2 CompilerThread0" daemon [_thread_blocked, id=43267, stack(0x000070000ea56000,0x000070000eb56000)]
  0x00007faccf044000 JavaThread "Signal Dispatcher" daemon [_thread_blocked, id=16387, stack(0x000070000e953000,0x000070000ea53000)]
  0x00007faccc80d800 JavaThread "Finalizer" daemon [_thread_blocked, id=17667, stack(0x000070000e74a000,0x000070000e84a000)]
  0x00007faccd830000 JavaThread "Reference Handler" daemon [_thread_blocked, id=13571, stack(0x000070000e647000,0x000070000e747000)]

Other Threads:
  0x00007faccf032000 VMThread [stack: 0x000070000e544000,0x000070000e644000] [id=18179]
  0x00007facce832800 WatcherThread [stack: 0x000070000f77d000,0x000070000f87d000] [id=25091]

VM state:not at safepoint (normal execution)

VM Mutex/Monitor currently owned by a thread: None

heap address: 0x00000006c0000000, size: 4096 MB, Compressed Oops mode: Zero based, Oop shift amount: 3
Narrow klass base: 0x0000000000000000, Narrow klass shift: 3
Compressed class space size: 1073741824 Address: 0x00000007c0000000

Heap:
 PSYoungGen      total 141824K, used 66542K [0x000000076ab00000, 0x0000000774000000, 0x00000007c0000000)
  eden space 131072K, 50% used [0x000000076ab00000,0x000000076ebfb8d0,0x0000000772b00000)
  from space 10752K, 0% used [0x0000000773580000,0x0000000773580000,0x0000000774000000)
  to   space 10752K, 0% used [0x0000000772b00000,0x0000000772b00000,0x0000000773580000)
 ParOldGen       total 115200K, used 9507K [0x00000006c0000000, 0x00000006c7080000, 0x000000076ab00000)
  object space 115200K, 8% used [0x00000006c0000000,0x00000006c0948d50,0x00000006c7080000)
 Metaspace       used 25316K, capacity 25622K, committed 25984K, reserved 1071104K
  class space    used 3261K, capacity 3351K, committed 3456K, reserved 1048576K

Card table byte_map: [0x000000010d19b000,0x000000010d99c000] byte_map_base: 0x0000000109b9b000

Marking Bits: (ParMarkBitMap*) 0x000000010cb0edc8
 Begin Bits: [0x000000010def2000, 0x0000000111ef2000)
 End Bits:   [0x0000000111ef2000, 0x0000000115ef2000)

Polling page: 0x000000010a2c5000

CodeCache: size=245760Kb used=8968Kb max_used=9020Kb free=236791Kb
 bounds [0x00000001192da000, 0x0000000119bba000, 0x00000001282da000]
 total_blobs=2662 nmethods=2212 adapters=360
 compilation: enabled

Compilation events (10 events):
Event: 661.448 Thread 0x00007faccc88d800 2242       1       org.eclipse.jetty.util.thread.QueuedThreadPool::access$300 (5 bytes)
Event: 661.448 Thread 0x00007faccc88d800 nmethod 2242 0x00000001195ba2d0 code [0x00000001195ba420, 0x00000001195ba510]
Event: 669.304 Thread 0x00007faccd025800 2243       3       java.util.IdentityHashMap$IdentityHashMapIterator::hasNext (50 bytes)
Event: 669.305 Thread 0x00007faccd025800 nmethod 2243 0x00000001195a0e90 code [0x00000001195a1000, 0x00000001195a1290]
Event: 669.305 Thread 0x00007faccd026800 2244       3       java.util.logging.LogManager$LoggerContext::ensureDefaultLogger (70 bytes)
Event: 669.305 Thread 0x00007faccd025800 2245  s    3       java.util.Hashtable::containsKey (65 bytes)
Event: 669.305 Thread 0x00007faccd025800 nmethod 2245 0x00000001195b9590 code [0x00000001195b9740, 0x00000001195b9d78]
Event: 669.305 Thread 0x00007faccd026800 nmethod 2244 0x000000011961f450 code [0x000000011961f620, 0x000000011961fec8]
Event: 669.305 Thread 0x00007facce831800 2246       3       java.util.concurrent.TimeUnit::x (27 bytes)
Event: 669.305 Thread 0x00007facce831800 nmethod 2246 0x000000011959c150 code [0x000000011959c2c0, 0x000000011959c4b0]

GC Heap History (6 events):
Event: 0.766 GC heap before
{Heap before GC invocations=1 (full 0):
 PSYoungGen      total 76288K, used 65536K [0x000000076ab00000, 0x0000000770000000, 0x00000007c0000000)
  eden space 65536K, 100% used [0x000000076ab00000,0x000000076eb00000,0x000000076eb00000)
  from space 10752K, 0% used [0x000000076f580000,0x000000076f580000,0x0000000770000000)
  to   space 10752K, 0% used [0x000000076eb00000,0x000000076eb00000,0x000000076f580000)
 ParOldGen       total 175104K, used 0K [0x00000006c0000000, 0x00000006cab00000, 0x000000076ab00000)
  object space 175104K, 0% used [0x00000006c0000000,0x00000006c0000000,0x00000006cab00000)
 Metaspace       used 16776K, capacity 16954K, committed 17280K, reserved 1064960K
  class space    used 2067K, capacity 2087K, committed 2176K, reserved 1048576K
Event: 0.775 GC heap after
Heap after GC invocations=1 (full 0):
 PSYoungGen      total 76288K, used 10732K [0x000000076ab00000, 0x0000000774000000, 0x00000007c0000000)
  eden space 65536K, 0% used [0x000000076ab00000,0x000000076ab00000,0x000000076eb00000)
  from space 10752K, 99% used [0x000000076eb00000,0x000000076f57b1e8,0x000000076f580000)
  to   space 10752K, 0% used [0x0000000773580000,0x0000000773580000,0x0000000774000000)
 ParOldGen       total 175104K, used 2895K [0x00000006c0000000, 0x00000006cab00000, 0x000000076ab00000)
  object space 175104K, 1% used [0x00000006c0000000,0x00000006c02d3fb0,0x00000006cab00000)
 Metaspace       used 16776K, capacity 16954K, committed 17280K, reserved 1064960K
  class space    used 2067K, capacity 2087K, committed 2176K, reserved 1048576K
}
Event: 1.236 GC heap before
{Heap before GC invocations=2 (full 0):
 PSYoungGen      total 76288K, used 35980K [0x000000076ab00000, 0x0000000774000000, 0x00000007c0000000)
  eden space 65536K, 38% used [0x000000076ab00000,0x000000076c3a80e0,0x000000076eb00000)
  from space 10752K, 99% used [0x000000076eb00000,0x000000076f57b1e8,0x000000076f580000)
  to   space 10752K, 0% used [0x0000000773580000,0x0000000773580000,0x0000000774000000)
 ParOldGen       total 175104K, used 2895K [0x00000006c0000000, 0x00000006cab00000, 0x000000076ab00000)
  object space 175104K, 1% used [0x00000006c0000000,0x00000006c02d3fb0,0x00000006cab00000)
 Metaspace       used 20996K, capacity 21120K, committed 21248K, reserved 1067008K
  class space    used 2688K, capacity 2728K, committed 2816K, reserved 1048576K
Event: 1.242 GC heap after
Heap after GC invocations=2 (full 0):
 PSYoungGen      total 141824K, used 9986K [0x000000076ab00000, 0x0000000774000000, 0x00000007c0000000)
  eden space 131072K, 0% used [0x000000076ab00000,0x000000076ab00000,0x0000000772b00000)
  from space 10752K, 92% used [0x0000000773580000,0x0000000773f408b0,0x0000000774000000)
  to   space 10752K, 0% used [0x0000000772b00000,0x0000000772b00000,0x0000000773580000)
 ParOldGen       total 175104K, used 2903K [0x00000006c0000000, 0x00000006cab00000, 0x000000076ab00000)
  object space 175104K, 1% used [0x00000006c0000000,0x00000006c02d5fb0,0x00000006cab00000)
 Metaspace       used 20996K, capacity 21120K, committed 21248K, reserved 1067008K
  class space    used 2688K, capacity 2728K, committed 2816K, reserved 1048576K
}
Event: 1.242 GC heap before
{Heap before GC invocations=3 (full 1):
 PSYoungGen      total 141824K, used 9986K [0x000000076ab00000, 0x0000000774000000, 0x00000007c0000000)
  eden space 131072K, 0% used [0x000000076ab00000,0x000000076ab00000,0x0000000772b00000)
  from space 10752K, 92% used [0x0000000773580000,0x0000000773f408b0,0x0000000774000000)
  to   space 10752K, 0% used [0x0000000772b00000,0x0000000772b00000,0x0000000773580000)
 ParOldGen       total 175104K, used 2903K [0x00000006c0000000, 0x00000006cab00000, 0x000000076ab00000)
  object space 175104K, 1% used [0x00000006c0000000,0x00000006c02d5fb0,0x00000006cab00000)
 Metaspace       used 20996K, capacity 21120K, committed 21248K, reserved 1067008K
  class space    used 2688K, capacity 2728K, committed 2816K, reserved 1048576K
Event: 1.262 GC heap after
Heap after GC invocations=3 (full 1):
 PSYoungGen      total 141824K, used 0K [0x000000076ab00000, 0x0000000774000000, 0x00000007c0000000)
  eden space 131072K, 0% used [0x000000076ab00000,0x000000076ab00000,0x0000000772b00000)
  from space 10752K, 0% used [0x0000000773580000,0x0000000773580000,0x0000000774000000)
  to   space 10752K, 0% used [0x0000000772b00000,0x0000000772b00000,0x0000000773580000)
 ParOldGen       total 115200K, used 9507K [0x00000006c0000000, 0x00000006c7080000, 0x000000076ab00000)
  object space 115200K, 8% used [0x00000006c0000000,0x00000006c0948d50,0x00000006c7080000)
 Metaspace       used 20996K, capacity 21120K, committed 21248K, reserved 1067008K
  class space    used 2688K, capacity 2728K, committed 2816K, reserved 1048576K
}

Deoptimization events (10 events):
Event: 28.180 Thread 0x00007facd2913800 Uncommon trap: reason=unstable_if action=reinterpret pc=0x0000000119755820 method=java.lang.CharacterDataLatin1.isWhitespace(I)Z @ 14
Event: 28.208 Thread 0x00007facd2913800 Uncommon trap: reason=class_check action=maybe_recompile pc=0x000000011993090c method=java.util.Collections$UnmodifiableMap.isEmpty()Z @ 4
Event: 28.241 Thread 0x00007faccd1df000 Uncommon trap: reason=unstable_if action=reinterpret pc=0x00000001199aa4cc method=java.util.HashMap$HashIterator.<init>(Ljava/util/HashMap;)V @ 45
Event: 32.824 Thread 0x00007faccd9cb000 Uncommon trap: reason=class_check action=maybe_recompile pc=0x000000011993090c method=java.util.Collections$UnmodifiableMap.isEmpty()Z @ 4
Event: 32.824 Thread 0x00007faccd9cb000 Uncommon trap: reason=unstable_if action=reinterpret pc=0x000000011995207c method=java.util.LinkedHashMap.get(Ljava/lang/Object;)Ljava/lang/Object; @ 20
Event: 32.826 Thread 0x00007faccd1df000 Uncommon trap: reason=unstable_if action=reinterpret pc=0x00000001198b8738 method=java.util.HashMap$HashIterator.<init>(Ljava/util/HashMap;)V @ 45
Event: 66.932 Thread 0x00007faccd0aa000 Uncommon trap: reason=class_check action=maybe_recompile pc=0x000000011993090c method=java.util.Collections$UnmodifiableMap.isEmpty()Z @ 4
Event: 66.934 Thread 0x00007faccd0aa000 Uncommon trap: reason=class_check action=maybe_recompile pc=0x000000011993090c method=java.util.Collections$UnmodifiableMap.isEmpty()Z @ 4
Event: 66.944 Thread 0x00007faccd0aa000 Uncommon trap: reason=unstable_if action=reinterpret pc=0x0000000119a981ac method=java.util.concurrent.ConcurrentHashMap.get(Ljava/lang/Object;)Ljava/lang/Object; @ 99
Event: 66.944 Thread 0x00007faccca44800 Uncommon trap: reason=unstable_if action=reinterpret pc=0x000000011984be38 method=java.util.HashMap$HashIterator.<init>(Ljava/util/HashMap;)V @ 45

Classes redefined (0 events):
No events

Internal exceptions (10 events):
Event: 0.438 Thread 0x00007facce809000 Exception <a 'java/lang/ArrayIndexOutOfBoundsException'> (0x000000076ca587d8) thrown at [/Users/jenkins/workspace/build-scripts/jobs/jdk8u/jdk8u-mac-x64-hotspot/workspace/build/src/hotspot/src/share/vm/runtime/sharedRuntime.cpp, line 605]
Event: 0.438 Thread 0x00007facce809000 Exception <a 'java/lang/ArrayIndexOutOfBoundsException'> (0x000000076ca5b388) thrown at [/Users/jenkins/workspace/build-scripts/jobs/jdk8u/jdk8u-mac-x64-hotspot/workspace/build/src/hotspot/src/share/vm/runtime/sharedRuntime.cpp, line 605]
Event: 0.438 Thread 0x00007facce809000 Exception <a 'java/lang/ArrayIndexOutOfBoundsException'> (0x000000076ca5d740) thrown at [/Users/jenkins/workspace/build-scripts/jobs/jdk8u/jdk8u-mac-x64-hotspot/workspace/build/src/hotspot/src/share/vm/runtime/sharedRuntime.cpp, line 605]
Event: 0.439 Thread 0x00007facce809000 Exception <a 'java/lang/ArrayIndexOutOfBoundsException'> (0x000000076ca60120) thrown at [/Users/jenkins/workspace/build-scripts/jobs/jdk8u/jdk8u-mac-x64-hotspot/workspace/build/src/hotspot/src/share/vm/runtime/sharedRuntime.cpp, line 605]
Event: 0.439 Thread 0x00007facce809000 Exception <a 'java/lang/ArrayIndexOutOfBoundsException': 62> (0x000000076ca61000) thrown at [/Users/jenkins/workspace/build-scripts/jobs/jdk8u/jdk8u-mac-x64-hotspot/workspace/build/src/hotspot/src/share/vm/interpreter/interpreterRuntime.cpp, line 368]
Event: 0.590 Thread 0x00007facce809000 Implicit null exception at 0x000000011972a335 to 0x000000011972a6f1
Event: 0.591 Thread 0x00007facce809000 Implicit null exception at 0x00000001196aeb76 to 0x00000001196aef35
Event: 28.138 Thread 0x00007faccf306800 Exception <a 'java/lang/NoSuchFieldError': method resolution failed> (0x000000076d8cdef8) thrown at [/Users/jenkins/workspace/build-scripts/jobs/jdk8u/jdk8u-mac-x64-hotspot/workspace/build/src/hotspot/src/share/vm/prims/methodHandles.cpp, line 1169]
Event: 28.139 Thread 0x00007faccf306800 Exception <a 'java/lang/NoSuchFieldError': method resolution failed> (0x000000076d8db5b8) thrown at [/Users/jenkins/workspace/build-scripts/jobs/jdk8u/jdk8u-mac-x64-hotspot/workspace/build/src/hotspot/src/share/vm/prims/methodHandles.cpp, line 1169]
Event: 669.305 Thread 0x00007faccca59800 Exception <a 'java/io/IOException'> (0x000000076cd552e8) thrown at [/Users/jenkins/workspace/build-scripts/jobs/jdk8u/jdk8u-mac-x64-hotspot/workspace/build/src/hotspot/src/share/vm/prims/jni.cpp, line 711]

Events (10 events):
Event: 669.303 loading class sun/misc/Signal$1
Event: 669.304 loading class sun/misc/Signal$1 done
Event: 669.304 Thread 0x00007faccd90a800 Thread added: 0x00007faccd90a800
Event: 669.304 Thread 0x00007faccc875800 Thread added: 0x00007faccc875800
Event: 669.304 Thread 0x00007faccc876000 Thread added: 0x00007faccc876000
Event: 669.305 loading class java/nio/channels/AsynchronousCloseException
Event: 669.305 Thread 0x00007faccc875800 Thread exited: 0x00007faccc875800
Event: 669.305 loading class java/nio/channels/AsynchronousCloseException done
Event: 669.305 loading class org/eclipse/jetty/util/FutureCallback
Event: 669.305 loading class org/eclipse/jetty/util/FutureCallback done


Dynamic libraries:
0x00007fff36737000 	/System/Library/Frameworks/Cocoa.framework/Versions/A/Cocoa
0x00007fff43f2c000 	/System/Library/Frameworks/Security.framework/Versions/A/Security
0x00007fff3569c000 	/System/Library/Frameworks/ApplicationServices.framework/Versions/A/ApplicationServices
0x00007fff70a4f000 	/usr/lib/libz.1.dylib
0x00007fff6e513000 	/usr/lib/libSystem.B.dylib
0x00007fff375d9000 	/System/Library/Frameworks/CoreFoundation.framework/Versions/A/CoreFoundation
0x00007fff39c96000 	/System/Library/Frameworks/Foundation.framework/Versions/C/Foundation
0x00007fff70373000 	/usr/lib/libobjc.A.dylib
0x00007fff3488c000 	/System/Library/Frameworks/AppKit.framework/Versions/C/AppKit
0x00007fff370bb000 	/System/Library/Frameworks/CoreData.framework/Versions/A/CoreData
0x00007fff68529000 	/System/Library/PrivateFrameworks/UIFoundation.framework/Versions/A/UIFoundation
0x00007fff635bd000 	/System/Library/PrivateFrameworks/RemoteViewServices.framework/Versions/A/RemoteViewServices
0x00007fff6b083000 	/System/Library/PrivateFrameworks/XCTTargetBootstrap.framework/Versions/A/XCTTargetBootstrap
0x00007fff374a6000 	/System/Library/Frameworks/CoreDisplay.framework/Versions/A/CoreDisplay
0x00007fff3cb50000 	/System/Library/Frameworks/Metal.framework/Versions/A/Metal
0x00007fff515c0000 	/System/Library/PrivateFrameworks/DesktopServicesPriv.framework/Versions/A/DesktopServicesPriv
0x00007fff6f64e000 	/usr/lib/liblangid.dylib
0x00007fff50855000 	/System/Library/PrivateFrameworks/CoreSVG.framework/Versions/A/CoreSVG
0x00007fff66719000 	/System/Library/PrivateFrameworks/SkyLight.framework/Versions/A/SkyLight
0x00007fff37a5a000 	/System/Library/Frameworks/CoreGraphics.framework/Versions/A/CoreGraphics
0x00007fff33260000 	/System/Library/Frameworks/Accelerate.framework/Versions/A/Accelerate
0x00007fff70940000 	/usr/lib/libxml2.2.dylib
0x00007fff5c548000 	/System/Library/PrivateFrameworks/IconServices.framework/Versions/A/IconServices
0x00007fff3a475000 	/System/Library/Frameworks/IOSurface.framework/Versions/A/IOSurface
0x00007fff6e03d000 	/usr/lib/libDiagnosticMessagesClient.dylib
0x00007fff5141a000 	/System/Library/PrivateFrameworks/DFRFoundation.framework/Versions/A/DFRFoundation
0x00007fff6f3dd000 	/usr/lib/libicucore.A.dylib
0x00007fff359ce000 	/System/Library/Frameworks/AudioToolbox.framework/Versions/A/AudioToolbox
0x00007fff35ab1000 	/System/Library/Frameworks/AudioUnit.framework/Versions/A/AudioUnit
0x00007fff6e715000 	/usr/lib/libauto.dylib
0x00007fff514bc000 	/System/Library/PrivateFrameworks/DataDetectorsCore.framework/Versions/A/DataDetectorsCore
0x00007fff36258000 	/System/Library/Frameworks/Carbon.framework/Versions/A/Frameworks/HIToolbox.framework/Versions/A/HIToolbox
0x00007fff43128000 	/System/Library/Frameworks/QuartzCore.framework/Versions/A/QuartzCore
0x00007fff36597000 	/System/Library/Frameworks/Carbon.framework/Versions/A/Frameworks/SpeechRecognition.framework/Versions/A/SpeechRecognition
0x00007fff50f2e000 	/System/Library/PrivateFrameworks/CoreUI.framework/Versions/A/CoreUI
0x00007fff36b26000 	/System/Library/Frameworks/CoreAudio.framework/Versions/A/CoreAudio
0x00007fff39955000 	/System/Library/Frameworks/DiskArbitration.framework/Versions/A/DiskArbitration
0x00007fff5e598000 	/System/Library/PrivateFrameworks/MultitouchSupport.framework/Versions/A/MultitouchSupport
0x00007fff6f2a4000 	/usr/lib/libenergytrace.dylib
0x00007fff3a3cf000 	/System/Library/Frameworks/IOKit.framework/Versions/A/IOKit
0x00007fff389c1000 	/System/Library/Frameworks/CoreServices.framework/Versions/A/CoreServices
0x00007fff60750000 	/System/Library/PrivateFrameworks/PerformanceAnalysis.framework/Versions/A/PerformanceAnalysis
0x00007fff4215b000 	/System/Library/Frameworks/OpenGL.framework/Versions/A/OpenGL
0x00007fff36745000 	/System/Library/Frameworks/ColorSync.framework/Versions/A/ColorSync
0x00007fff380dd000 	/System/Library/Frameworks/CoreImage.framework/Versions/A/CoreImage
0x00007fff39434000 	/System/Library/Frameworks/CoreText.framework/Versions/A/CoreText
0x00007fff3a505000 	/System/Library/Frameworks/ImageIO.framework/Versions/A/ImageIO
0x00007fff6e7f9000 	/usr/lib/libc++.1.dylib
0x00007fff6e875000 	/usr/lib/libcompression.dylib
0x00007fff6e381000 	/usr/lib/libMobileGestalt.dylib
0x00007fff68293000 	/System/Library/PrivateFrameworks/TextureIO.framework/Versions/A/TextureIO
0x00007fff6e678000 	/usr/lib/libate.dylib
0x00007fff5c751000 	/System/Library/PrivateFrameworks/InternationalSupport.framework/Versions/A/InternationalSupport
0x00007fff71310000 	/usr/lib/system/libcache.dylib
0x00007fff71316000 	/usr/lib/system/libcommonCrypto.dylib
0x00007fff71322000 	/usr/lib/system/libcompiler_rt.dylib
0x00007fff7132a000 	/usr/lib/system/libcopyfile.dylib
0x00007fff71334000 	/usr/lib/system/libcorecrypto.dylib
0x00007fff714d3000 	/usr/lib/system/libdispatch.dylib
0x00007fff71514000 	/usr/lib/system/libdyld.dylib
0x00007fff7154b000 	/usr/lib/system/libkeymgr.dylib
0x00007fff71559000 	/usr/lib/system/liblaunch.dylib
0x00007fff7155a000 	/usr/lib/system/libmacho.dylib
0x00007fff71560000 	/usr/lib/system/libquarantine.dylib
0x00007fff71563000 	/usr/lib/system/libremovefile.dylib
0x00007fff71565000 	/usr/lib/system/libsystem_asl.dylib
0x00007fff7157d000 	/usr/lib/system/libsystem_blocks.dylib
0x00007fff7157e000 	/usr/lib/system/libsystem_c.dylib
0x00007fff71606000 	/usr/lib/system/libsystem_configuration.dylib
0x00007fff7160a000 	/usr/lib/system/libsystem_coreservices.dylib
0x00007fff7160e000 	/usr/lib/system/libsystem_darwin.dylib
0x00007fff71617000 	/usr/lib/system/libsystem_dnssd.dylib
0x00007fff7161f000 	/usr/lib/system/libsystem_featureflags.dylib
0x00007fff71621000 	/usr/lib/system/libsystem_info.dylib
0x00007fff7169c000 	/usr/lib/system/libsystem_m.dylib
0x00007fff716e4000 	/usr/lib/system/libsystem_malloc.dylib
0x00007fff7170c000 	/usr/lib/system/libsystem_networkextension.dylib
0x00007fff7171a000 	/usr/lib/system/libsystem_notify.dylib
0x00007fff71738000 	/usr/lib/system/libsystem_sandbox.dylib
0x00007fff7173d000 	/usr/lib/system/libsystem_secinit.dylib
0x00007fff7166f000 	/usr/lib/system/libsystem_kernel.dylib
0x00007fff71724000 	/usr/lib/system/libsystem_platform.dylib
0x00007fff7172d000 	/usr/lib/system/libsystem_pthread.dylib
0x00007fff71740000 	/usr/lib/system/libsystem_symptoms.dylib
0x00007fff71748000 	/usr/lib/system/libsystem_trace.dylib
0x00007fff71760000 	/usr/lib/system/libunwind.dylib
0x00007fff71766000 	/usr/lib/system/libxpc.dylib
0x00007fff6e84c000 	/usr/lib/libc++abi.dylib
0x00007fff6f650000 	/usr/lib/liblzma.5.dylib
0x00007fff6f2cb000 	/usr/lib/libfakelink.dylib
0x00007fff6e605000 	/usr/lib/libarchive.2.dylib
0x00007fff44fdd000 	/System/Library/Frameworks/SystemConfiguration.framework/Versions/A/SystemConfiguration
0x00007fff6df70000 	/usr/lib/libCRFSuite.dylib
0x00007fff35e48000 	/System/Library/Frameworks/CFNetwork.framework/Versions/A/CFNetwork
0x00007fff6e7db000 	/usr/lib/libbsm.0.dylib
0x00007fff7154c000 	/usr/lib/system/libkxld.dylib
0x00007fff4ad97000 	/System/Library/PrivateFrameworks/AppleFSCompression.framework/Versions/A/AppleFSCompression
0x00007fff6eb66000 	/usr/lib/libcoretls.dylib
0x00007fff6eb7d000 	/usr/lib/libcoretls_cfhelpers.dylib
0x00007fff703b9000 	/usr/lib/libpam.2.dylib
0x00007fff704ee000 	/usr/lib/libsqlite3.dylib
0x00007fff7092d000 	/usr/lib/libxar.1.dylib
0x00007fff6e7ec000 	/usr/lib/libbz2.1.0.dylib
0x00007fff6f2ec000 	/usr/lib/libiconv.2.dylib
0x00007fff6e862000 	/usr/lib/libcharset.1.dylib
0x00007fff6fe56000 	/usr/lib/libnetwork.dylib
0x00007fff703c0000 	/usr/lib/libpcap.A.dylib
0x00007fff6e5ba000 	/usr/lib/libapple_nghttp2.dylib
0x00007fff38d78000 	/System/Library/Frameworks/CoreServices.framework/Versions/A/Frameworks/FSEvents.framework/Versions/A/FSEvents
0x00007fff38a48000 	/System/Library/Frameworks/CoreServices.framework/Versions/A/Frameworks/CarbonCore.framework/Versions/A/CarbonCore
0x00007fff38fbc000 	/System/Library/Frameworks/CoreServices.framework/Versions/A/Frameworks/Metadata.framework/Versions/A/Metadata
0x00007fff39055000 	/System/Library/Frameworks/CoreServices.framework/Versions/A/Frameworks/OSServices.framework/Versions/A/OSServices
0x00007fff39083000 	/System/Library/Frameworks/CoreServices.framework/Versions/A/Frameworks/SearchKit.framework/Versions/A/SearchKit
0x00007fff389c2000 	/System/Library/Frameworks/CoreServices.framework/Versions/A/Frameworks/AE.framework/Versions/A/AE
0x00007fff38d81000 	/System/Library/Frameworks/CoreServices.framework/Versions/A/Frameworks/LaunchServices.framework/Versions/A/LaunchServices
0x00007fff38d2a000 	/System/Library/Frameworks/CoreServices.framework/Versions/A/Frameworks/DictionaryServices.framework/Versions/A/DictionaryServices
0x00007fff390eb000 	/System/Library/Frameworks/CoreServices.framework/Versions/A/Frameworks/SharedFileList.framework/Versions/A/SharedFileList
0x00007fff3df7a000 	/System/Library/Frameworks/NetFS.framework/Versions/A/NetFS
0x00007fff5eac8000 	/System/Library/PrivateFrameworks/NetAuth.framework/Versions/A/NetAuth
0x00007fff6b450000 	/System/Library/PrivateFrameworks/login.framework/Versions/A/Frameworks/loginsupport.framework/Versions/A/loginsupport
0x00007fff67d5e000 	/System/Library/PrivateFrameworks/TCC.framework/Versions/A/TCC
0x00007fff4f9c8000 	/System/Library/PrivateFrameworks/CoreNLP.framework/Versions/A/CoreNLP
0x00007fff5dfc5000 	/System/Library/PrivateFrameworks/MetadataUtilities.framework/Versions/A/MetadataUtilities
0x00007fff6f728000 	/usr/lib/libmecabra.dylib
0x00007fff6f680000 	/usr/lib/libmecab.dylib
0x00007fff6f2dc000 	/usr/lib/libgermantok.dylib
0x00007fff6e5a1000 	/usr/lib/libThaiTokenizer.dylib
0x00007fff6dfa7000 	/usr/lib/libChineseTokenizer.dylib
0x00007fff33278000 	/System/Library/Frameworks/Accelerate.framework/Versions/A/Frameworks/vImage.framework/Versions/A/vImage
0x00007fff346e2000 	/System/Library/Frameworks/Accelerate.framework/Versions/A/Frameworks/vecLib.framework/Versions/A/vecLib
0x00007fff3461f000 	/System/Library/Frameworks/Accelerate.framework/Versions/A/Frameworks/vecLib.framework/Versions/A/libvMisc.dylib
0x00007fff34447000 	/System/Library/Frameworks/Accelerate.framework/Versions/A/Frameworks/vecLib.framework/Versions/A/libvDSP.dylib
0x00007fff338cf000 	/System/Library/Frameworks/Accelerate.framework/Versions/A/Frameworks/vecLib.framework/Versions/A/libBLAS.dylib
0x00007fff3400b000 	/System/Library/Frameworks/Accelerate.framework/Versions/A/Frameworks/vecLib.framework/Versions/A/libLAPACK.dylib
0x00007fff343a7000 	/System/Library/Frameworks/Accelerate.framework/Versions/A/Frameworks/vecLib.framework/Versions/A/libLinearAlgebra.dylib
0x00007fff34434000 	/System/Library/Frameworks/Accelerate.framework/Versions/A/Frameworks/vecLib.framework/Versions/A/libSparseBLAS.dylib
0x00007fff343bd000 	/System/Library/Frameworks/Accelerate.framework/Versions/A/Frameworks/vecLib.framework/Versions/A/libQuadrature.dylib
0x00007fff33b37000 	/System/Library/Frameworks/Accelerate.framework/Versions/A/Frameworks/vecLib.framework/Versions/A/libBNNS.dylib
0x00007fff343c3000 	/System/Library/Frameworks/Accelerate.framework/Versions/A/Frameworks/vecLib.framework/Versions/A/libSparse.dylib
0x00007fff5cb39000 	/System/Library/PrivateFrameworks/LanguageModeling.framework/Versions/A/LanguageModeling
0x00007fff4f378000 	/System/Library/PrivateFrameworks/CoreEmoji.framework/Versions/A/CoreEmoji
0x00007fff5cc57000 	/System/Library/PrivateFrameworks/LinguisticData.framework/Versions/A/LinguisticData
0x00007fff5cc08000 	/System/Library/PrivateFrameworks/Lexicon.framework/Versions/A/Lexicon
0x00007fff6e863000 	/usr/lib/libcmph.dylib
0x00007fff40b69000 	/System/Library/Frameworks/OpenDirectory.framework/Versions/A/Frameworks/CFOpenDirectory.framework/Versions/A/CFOpenDirectory
0x00007fff40b86000 	/System/Library/Frameworks/OpenDirectory.framework/Versions/A/OpenDirectory
0x00007fff48fc7000 	/System/Library/PrivateFrameworks/APFS.framework/Versions/A/APFS
0x00007fff44276000 	/System/Library/Frameworks/SecurityFoundation.framework/Versions/A/SecurityFoundation
0x00007fff70929000 	/usr/lib/libutil.dylib
0x00007fff508ad000 	/System/Library/PrivateFrameworks/CoreServicesStore.framework/Versions/A/CoreServicesStore
0x00007fff4432d000 	/System/Library/Frameworks/ServiceManagement.framework/Versions/A/ServiceManagement
0x00007fff4c567000 	/System/Library/PrivateFrameworks/BackgroundTaskManagement.framework/Versions/A/BackgroundTaskManagement
0x00007fff70a26000 	/usr/lib/libxslt.1.dylib
0x00007fff4b40a000 	/System/Library/PrivateFrameworks/AppleSystemInfo.framework/Versions/A/AppleSystemInfo
0x00007fff3a720000 	/System/Library/Frameworks/ImageIO.framework/Versions/A/Resources/libJPEG.dylib
0x00007fff3a9de000 	/System/Library/Frameworks/ImageIO.framework/Versions/A/Resources/libTIFF.dylib
0x00007fff3a9c1000 	/System/Library/Frameworks/ImageIO.framework/Versions/A/Resources/libPng.dylib
0x00007fff3a662000 	/System/Library/Frameworks/ImageIO.framework/Versions/A/Resources/libGIF.dylib
0x00007fff3a666000 	/System/Library/Frameworks/ImageIO.framework/Versions/A/Resources/libJP2.dylib
0x00007fff3a9dc000 	/System/Library/Frameworks/ImageIO.framework/Versions/A/Resources/libRadiance.dylib
0x00007fff6f2a5000 	/usr/lib/libexpat.1.dylib
0x00007fff4aef2000 	/System/Library/PrivateFrameworks/AppleJPEG.framework/Versions/A/AppleJPEG
0x00007fff53bad000 	/System/Library/PrivateFrameworks/FontServices.framework/libFontParser.dylib
0x00007fff6a452000 	/System/Library/PrivateFrameworks/WatchdogClient.framework/Versions/A/WatchdogClient
0x00007fff5c194000 	/System/Library/PrivateFrameworks/IOAccelerator.framework/Versions/A/IOAccelerator
0x00007fff3ceeb000 	/System/Library/Frameworks/MetalPerformanceShaders.framework/Versions/A/MetalPerformanceShaders
0x00007fff5892a000 	/System/Library/PrivateFrameworks/GPUWrangler.framework/Versions/A/GPUWrangler
0x00007fff5c1a9000 	/System/Library/PrivateFrameworks/IOPresentment.framework/Versions/A/IOPresentment
0x00007fff5142d000 	/System/Library/PrivateFrameworks/DSExternalDisplay.framework/Versions/A/DSExternalDisplay
0x00007fff414fa000 	/System/Library/Frameworks/OpenGL.framework/Versions/A/Libraries/libCoreFSCache.dylib
0x00007fff3cc37000 	/System/Library/Frameworks/MetalPerformanceShaders.framework/Frameworks/MPSCore.framework/Versions/A/MPSCore
0x00007fff3cc75000 	/System/Library/Frameworks/MetalPerformanceShaders.framework/Frameworks/MPSImage.framework/Versions/A/MPSImage
0x00007fff3cd3c000 	/System/Library/Frameworks/MetalPerformanceShaders.framework/Frameworks/MPSNeuralNetwork.framework/Versions/A/MPSNeuralNetwork
0x00007fff3cd00000 	/System/Library/Frameworks/MetalPerformanceShaders.framework/Frameworks/MPSMatrix.framework/Versions/A/MPSMatrix
0x00007fff3ce9b000 	/System/Library/Frameworks/MetalPerformanceShaders.framework/Frameworks/MPSRayIntersector.framework/Versions/A/MPSRayIntersector
0x00007fff3cd26000 	/System/Library/Frameworks/MetalPerformanceShaders.framework/Frameworks/MPSNDArray.framework/Versions/A/MPSNDArray
0x00007fff5e012000 	/System/Library/PrivateFrameworks/MetalTools.framework/Versions/A/MetalTools
0x00007fff4a1a1000 	/System/Library/PrivateFrameworks/AggregateDictionary.framework/Versions/A/AggregateDictionary
0x00007fff4edc0000 	/System/Library/PrivateFrameworks/CoreAnalytics.framework/Versions/A/CoreAnalytics
0x00007fff4b329000 	/System/Library/PrivateFrameworks/AppleSauce.framework/Versions/A/AppleSauce
0x00007fff6e263000 	/usr/lib/libIOReport.dylib
0x00007fff395ec000 	/System/Library/Frameworks/CoreVideo.framework/Versions/A/CoreVideo
0x00007fff59da3000 	/System/Library/PrivateFrameworks/GraphVisualizer.framework/Versions/A/GraphVisualizer
0x00007fff530f3000 	/System/Library/PrivateFrameworks/FaceCore.framework/Versions/A/FaceCore
0x00007fff40b10000 	/System/Library/Frameworks/OpenCL.framework/Versions/A/OpenCL
0x00007fff6e085000 	/usr/lib/libFosl_dynamic.dylib
0x00007fff5f4e8000 	/System/Library/PrivateFrameworks/OTSVG.framework/Versions/A/OTSVG
0x00007fff357a1000 	/System/Library/Frameworks/ApplicationServices.framework/Versions/A/Frameworks/ATS.framework/Versions/A/Resources/libFontRegistry.dylib
0x00007fff53d7e000 	/System/Library/PrivateFrameworks/FontServices.framework/libhvf.dylib
0x00007fff41505000 	/System/Library/Frameworks/OpenGL.framework/Versions/A/Libraries/libGFXShared.dylib
0x00007fff416e3000 	/System/Library/Frameworks/OpenGL.framework/Versions/A/Libraries/libGLU.dylib
0x00007fff4150e000 	/System/Library/Frameworks/OpenGL.framework/Versions/A/Libraries/libGL.dylib
0x00007fff41519000 	/System/Library/Frameworks/OpenGL.framework/Versions/A/Libraries/libGLImage.dylib
0x00007fff414f7000 	/System/Library/Frameworks/OpenGL.framework/Versions/A/Libraries/libCVMSPluginSupport.dylib
0x00007fff41500000 	/System/Library/Frameworks/OpenGL.framework/Versions/A/Libraries/libCoreVMClient.dylib
0x00007fff6fcf7000 	/usr/lib/libncurses.5.4.dylib
0x00007fff3569d000 	/System/Library/Frameworks/ApplicationServices.framework/Versions/A/Frameworks/ATS.framework/Versions/A/ATS
0x00007fff3586a000 	/System/Library/Frameworks/ApplicationServices.framework/Versions/A/Frameworks/ColorSyncLegacy.framework/Versions/A/ColorSyncLegacy
0x00007fff35908000 	/System/Library/Frameworks/ApplicationServices.framework/Versions/A/Frameworks/HIServices.framework/Versions/A/HIServices
0x00007fff35960000 	/System/Library/Frameworks/ApplicationServices.framework/Versions/A/Frameworks/LangAnalysis.framework/Versions/A/LangAnalysis
0x00007fff3596f000 	/System/Library/Frameworks/ApplicationServices.framework/Versions/A/Frameworks/PrintCore.framework/Versions/A/PrintCore
0x00007fff359b5000 	/System/Library/Frameworks/ApplicationServices.framework/Versions/A/Frameworks/QD.framework/Versions/A/QD
0x00007fff359c0000 	/System/Library/Frameworks/ApplicationServices.framework/Versions/A/Frameworks/SpeechSynthesis.framework/Versions/A/SpeechSynthesis
0x00007fff3583a000 	/System/Library/Frameworks/ApplicationServices.framework/Versions/A/Frameworks/ATSUI.framework/Versions/A/ATSUI
0x00007fff6f13b000 	/usr/lib/libcups.2.dylib
0x00007fff3bf86000 	/System/Library/Frameworks/Kerberos.framework/Versions/A/Kerberos
0x00007fff3a0c8000 	/System/Library/Frameworks/GSS.framework/Versions/A/GSS
0x00007fff7047a000 	/usr/lib/libresolv.9.dylib
0x00007fff59f50000 	/System/Library/PrivateFrameworks/Heimdal.framework/Versions/A/Heimdal
0x00007fff3bf99000 	/System/Library/Frameworks/Kerberos.framework/Versions/A/Libraries/libHeimdalProxy.dylib
0x00007fff6f2e2000 	/usr/lib/libheimdal-asn1.dylib
0x00007fff4e258000 	/System/Library/PrivateFrameworks/CommonAuth.framework/Versions/A/CommonAuth
0x00007fff4b4a7000 	/System/Library/PrivateFrameworks/AssertionServices.framework/Versions/A/AssertionServices
0x00007fff4c04a000 	/System/Library/PrivateFrameworks/AudioToolboxCore.framework/Versions/A/AudioToolboxCore
0x00007fff6b100000 	/System/Library/PrivateFrameworks/caulk.framework/Versions/A/caulk
0x00007fff4c613000 	/System/Library/PrivateFrameworks/BaseBoard.framework/Versions/A/BaseBoard
0x00007fff6374b000 	/System/Library/PrivateFrameworks/RunningBoardServices.framework/Versions/A/RunningBoardServices
0x00007fff6075c000 	/System/Library/PrivateFrameworks/PersistentConnection.framework/Versions/A/PersistentConnection
0x00007fff63144000 	/System/Library/PrivateFrameworks/ProtocolBuffer.framework/Versions/A/ProtocolBuffer
0x00007fff4e27c000 	/System/Library/PrivateFrameworks/CommonUtilities.framework/Versions/A/CommonUtilities
0x00007fff4c7a1000 	/System/Library/PrivateFrameworks/Bom.framework/Versions/A/Bom
0x00007fff6df36000 	/usr/lib/libAudioToolboxUtility.dylib
0x00007fff4c571000 	/System/Library/PrivateFrameworks/Backup.framework/Versions/A/Backup
0x00007fff5134e000 	/System/Library/PrivateFrameworks/CrashReporterSupport.framework/Versions/A/CrashReporterSupport
0x00007fff651dd000 	/System/Library/PrivateFrameworks/Sharing.framework/Versions/A/Sharing
0x00007fff4aab5000 	/System/Library/PrivateFrameworks/Apple80211.framework/Versions/A/Apple80211
0x00007fff4c28e000 	/System/Library/PrivateFrameworks/AuthKit.framework/Versions/A/AuthKit
0x00007fff5105b000 	/System/Library/PrivateFrameworks/CoreUtils.framework/Versions/A/CoreUtils
0x00007fff39631000 	/System/Library/Frameworks/CoreWLAN.framework/Versions/A/CoreWLAN
0x00007fff3a255000 	/System/Library/Frameworks/IOBluetooth.framework/Versions/A/IOBluetooth
0x00007fff5e317000 	/System/Library/PrivateFrameworks/MobileKeyBag.framework/Versions/A/MobileKeyBag
0x00007fff4fe60000 	/System/Library/PrivateFrameworks/CorePhoneNumbers.framework/Versions/A/CorePhoneNumbers
0x00007fff4aea5000 	/System/Library/PrivateFrameworks/AppleIDAuthSupport.framework/Versions/A/AppleIDAuthSupport
0x00007fff3df87000 	/System/Library/Frameworks/Network.framework/Versions/A/Network
0x00007fff5c9e5000 	/System/Library/PrivateFrameworks/KeychainCircle.framework/Versions/A/KeychainCircle
0x00007fff37082000 	/System/Library/Frameworks/CoreBluetooth.framework/Versions/A/CoreBluetooth
0x00007fff6725c000 	/System/Library/PrivateFrameworks/SpeechRecognitionCore.framework/Versions/A/SpeechRecognitionCore
0x000000010c400000 	/Library/Java/JavaVirtualMachines/adoptopenjdk-8.jdk/Contents/Home/jre/lib/server/libjvm.dylib
0x000000010a281000 	/Library/Java/JavaVirtualMachines/adoptopenjdk-8.jdk/Contents/Home/jre/lib/libverify.dylib
0x000000010a292000 	/Library/Java/JavaVirtualMachines/adoptopenjdk-8.jdk/Contents/Home/jre/lib/libjava.dylib
0x000000010a30f000 	/Library/Java/JavaVirtualMachines/adoptopenjdk-8.jdk/Contents/Home/jre/lib/libzip.dylib
0x000000010a384000 	/Library/Java/JavaVirtualMachines/adoptopenjdk-8.jdk/Contents/Home/jre/lib/libnio.dylib
0x000000010a396000 	/Library/Java/JavaVirtualMachines/adoptopenjdk-8.jdk/Contents/Home/jre/lib/libnet.dylib
0x000000010a3b0000 	/Library/Java/JavaVirtualMachines/adoptopenjdk-8.jdk/Contents/Home/jre/lib/libmanagement.dylib

VM Arguments:
java_command: target/my-app-1.0-SNAPSHOT.jar server hello-world.yml
java_class_path (initial): target/my-app-1.0-SNAPSHOT.jar
Launcher Type: SUN_STANDARD

Environment Variables:
JAVA_HOME=/Library/Java/JavaVirtualMachines/adoptopenjdk-8.jdk/Contents/Home
PATH=/usr/local/oracle/instantclient_19_3:/Library/Frameworks/Python.framework/Versions/3.8/bin:/usr/local/bin:/usr/bin:/bin:/usr/sbin:/sbin:/Users/kravi/lib/apache-maven-3.6.3/bin
SHELL=/bin/bash

Signal Handlers:
SIGSEGV: [libjvm.dylib+0x595d31], sa_mask[0]=11111111011111110111111111111111, sa_flags=SA_ONSTACK|SA_RESTART|SA_SIGINFO
SIGBUS: [libjvm.dylib+0x595d31], sa_mask[0]=11111111011111110111111111111111, sa_flags=SA_RESTART|SA_SIGINFO
SIGFPE: [libjvm.dylib+0x48a2eb], sa_mask[0]=11111111011111110111111111111111, sa_flags=SA_RESTART|SA_SIGINFO
SIGPIPE: [libjvm.dylib+0x48a2eb], sa_mask[0]=11111111011111110111111111111111, sa_flags=SA_RESTART|SA_SIGINFO
SIGXFSZ: [libjvm.dylib+0x48a2eb], sa_mask[0]=11111111011111110111111111111111, sa_flags=SA_RESTART|SA_SIGINFO
SIGILL: [libjvm.dylib+0x48a2eb], sa_mask[0]=11111111011111110111111111111111, sa_flags=SA_RESTART|SA_SIGINFO
SIGUSR1: SIG_DFL, sa_mask[0]=11011111011111100000000111000110, sa_flags=none
SIGUSR2: [libjvm.dylib+0x48abe2], sa_mask[0]=00000000000000000000000000000000, sa_flags=SA_RESTART|SA_SIGINFO
SIGHUP: [libjvm.dylib+0x488de1], sa_mask[0]=11111111011111110111111111111111, sa_flags=SA_RESTART|SA_SIGINFO
SIGINT: [libjvm.dylib+0x488de1], sa_mask[0]=11111111011111110111111111111111, sa_flags=SA_RESTART|SA_SIGINFO
SIGTERM: [libjvm.dylib+0x488de1], sa_mask[0]=11111111011111110111111111111111, sa_flags=SA_RESTART|SA_SIGINFO
SIGQUIT: [libjvm.dylib+0x488de1], sa_mask[0]=11111111011111110111111111111111, sa_flags=SA_RESTART|SA_SIGINFO


---------------  S Y S T E M  ---------------

OS:Bsduname:Darwin 19.6.0 Darwin Kernel Version 19.6.0: Sun Jul  5 00:43:10 PDT 2020; root:xnu-6153.141.1~9/RELEASE_X86_64 x86_64
rlimit: STACK 8192k, CORE 0k, NPROC 2784, NOFILE 10240, AS infinity
load average:2.07 2.45 2.68

CPU:total 16 (initial active 16) (8 cores per cpu, 2 threads per core) family 6 model 158 stepping 13, cmov, cx8, fxsr, mmx, sse, sse2, sse3, ssse3, sse4.1, sse4.2, popcnt, avx, avx2, aes, clmul, erms, 3dnowpref, lzcnt, ht, tsc, tscinvbit, bmi1, bmi2, adx

Memory: 4k page, physical 16777216k(160040k free)

/proc/meminfo:


vm_info: OpenJDK 64-Bit Server VM (25.265-b01) for bsd-amd64 JRE (1.8.0_265-b01), built on Jul 28 2020 16:14:07 by "jenkins" with gcc 4.2.1 Compatible Apple LLVM 10.0.1 (clang-1001.0.46.4)

time: Fri Aug 14 00:16:30 2020
timezone: IST
elapsed time: 669 seconds (0d 0h 11m 9s)

